mode: set
abinitio-etl-poc/transforms/user_aggregate.go:29.13,33.16 3 0
abinitio-etl-poc/transforms/user_aggregate.go:33.16,35.3 1 0
abinitio-etl-poc/transforms/user_aggregate.go:37.2,38.56 2 0
abinitio-etl-poc/transforms/user_aggregate.go:38.56,40.3 1 0
abinitio-etl-poc/transforms/user_aggregate.go:42.2,42.61 1 0
abinitio-etl-poc/transforms/user_aggregate.go:42.61,44.3 1 0
abinitio-etl-poc/transforms/user_aggregate.go:46.2,51.16 4 0
abinitio-etl-poc/transforms/user_aggregate.go:51.16,53.3 1 0
abinitio-etl-poc/transforms/user_aggregate.go:54.2,61.16 6 0
abinitio-etl-poc/transforms/user_aggregate.go:61.16,63.3 1 0
abinitio-etl-poc/transforms/user_aggregate.go:65.2,65.22 1 0
abinitio-etl-poc/transforms/user_aggregate.go:65.22,67.3 1 0
abinitio-etl-poc/transforms/user_aggregate.go:68.2,79.30 5 0
abinitio-etl-poc/transforms/user_aggregate.go:79.30,80.13 1 0
abinitio-etl-poc/transforms/user_aggregate.go:80.13,81.12 1 0
abinitio-etl-poc/transforms/user_aggregate.go:84.3,84.31 1 0
abinitio-etl-poc/transforms/user_aggregate.go:84.31,89.4 1 0
abinitio-etl-poc/transforms/user_aggregate.go:91.3,92.17 2 0
abinitio-etl-poc/transforms/user_aggregate.go:96.2,96.28 1 0
abinitio-etl-poc/transforms/user_aggregate.go:96.28,98.3 1 0
abinitio-etl-poc/transforms/user_aggregate.go:100.2,100.58 1 0
abinitio-etl-poc/transforms/user_aggregate.go:100.58,102.3 1 0
abinitio-etl-poc/transforms/user_aggregate.go:104.2,105.16 2 0
abinitio-etl-poc/transforms/user_aggregate.go:105.16,107.3 1 0
abinitio-etl-poc/transforms/user_aggregate.go:108.2,114.34 5 0
abinitio-etl-poc/transforms/user_aggregate.go:114.34,116.3 1 0
abinitio-etl-poc/transforms/user_aggregate.go:118.2,123.45 2 0
abinitio-etl-poc/transforms/user_aggregate.go:126.54,127.32 1 1
abinitio-etl-poc/transforms/user_aggregate.go:127.32,129.3 1 0
abinitio-etl-poc/transforms/user_aggregate.go:130.2,130.31 1 1
abinitio-etl-poc/transforms/user_aggregate.go:130.31,131.30 1 1
abinitio-etl-poc/transforms/user_aggregate.go:131.30,133.4 1 0
abinitio-etl-poc/transforms/user_aggregate.go:137.46,139.31 2 1
abinitio-etl-poc/transforms/user_aggregate.go:139.31,141.3 1 1
abinitio-etl-poc/transforms/user_aggregate.go:142.2,142.15 1 1
